0 info it worked if it ends with ok
1 verbose cli [ 'C:\\Program Files\\nodejs\\node.exe',
1 verbose cli   'C:\\Users\\shiguoqing\\AppData\\Roaming\\npm\\node_modules\\npm\\bin\\npm-cli.js',
1 verbose cli   'run',
1 verbose cli   'develop' ]
2 info using npm@3.10.8
3 info using node@v6.9.1
4 verbose run-script [ 'predevelop', 'develop', 'postdevelop' ]
5 info lifecycle vue_example@1.0.0~predevelop: vue_example@1.0.0
6 silly lifecycle vue_example@1.0.0~predevelop: no script for predevelop, continuing
7 info lifecycle vue_example@1.0.0~develop: vue_example@1.0.0
8 verbose lifecycle vue_example@1.0.0~develop: unsafe-perm in lifecycle true
9 verbose lifecycle vue_example@1.0.0~develop: PATH: C:\Users\shiguoqing\AppData\Roaming\npm\node_modules\npm\bin\node-gyp-bin;C:\Code\bj14\vue_example\node_modules\.bin;C:\ProgramData\Oracle\Java\javapath;C:\Program Files (x86)\Intel\iCLS Client\;C:\Program Files\Intel\iCLS Client\;C:\WINDOWS\system32;C:\WINDOWS;C:\WINDOWS\System32\Wbem;C:\WINDOWS\System32\WindowsPowerShell\v1.0\;C:\Program Files\Intel\Intel(R) Management Engine Components\DAL;C:\Program Files (x86)\Intel\Intel(R) Management Engine Components\DAL;C:\Program Files\Intel\Intel(R) Management Engine Components\IPT;C:\Program Files (x86)\Intel\Intel(R) Management Engine Components\IPT;%USERPROFILE%\.dnx\bin;C:\Program Files\Microsoft DNX\Dnvm\;C:\Program Files (x86)\Java\jdk1.8.0_91\bin;C:\Program Files (x86)\Java\jdk1.8.0_91\jre\bin;C:\Program Files\android\tools;C:\Program Files\android\platform-tools;C:\Program Files\TortoiseGit\bin;C:\Program Files\nodejs\;C:\Program Files (x86)\MySQL\MySQL Fabric 1.5 & MySQL Utilities 1.5\;C:\Program Files (x86)\MySQL\MySQL Fabric 1.5 & MySQL Utilities 1.5\Doctrine extensions for PHP\;C:\Python27;C:\Ruby22-x64\bin;C:\Users\shiguoqing\AppData\Local\Programs\Git\cmd;C:\Users\shiguoqing\AppData\Roaming\npm
10 verbose lifecycle vue_example@1.0.0~develop: CWD: C:\Code\bj14\vue_example
11 silly lifecycle vue_example@1.0.0~develop: Args: [ '/d /s /c',
11 silly lifecycle   'webpack-dev-server  --config webpack.develop.config.js --devtool eval --progress --colors --hot --content-base src' ]
12 silly lifecycle vue_example@1.0.0~develop: Returned: code: 3221225786  signal: null
13 info lifecycle vue_example@1.0.0~develop: Failed to exec develop script
14 verbose stack Error: vue_example@1.0.0 develop: `webpack-dev-server  --config webpack.develop.config.js --devtool eval --progress --colors --hot --content-base src`
14 verbose stack Exit status 3221225786
14 verbose stack     at EventEmitter.<anonymous> (C:\Users\shiguoqing\AppData\Roaming\npm\node_modules\npm\lib\utils\lifecycle.js:255:16)
14 verbose stack     at emitTwo (events.js:106:13)
14 verbose stack     at EventEmitter.emit (events.js:191:7)
14 verbose stack     at ChildProcess.<anonymous> (C:\Users\shiguoqing\AppData\Roaming\npm\node_modules\npm\lib\utils\spawn.js:40:14)
14 verbose stack     at emitTwo (events.js:106:13)
14 verbose stack     at ChildProcess.emit (events.js:191:7)
14 verbose stack     at maybeClose (internal/child_process.js:877:16)
14 verbose stack     at Process.ChildProcess._handle.onexit (internal/child_process.js:226:5)
15 verbose pkgid vue_example@1.0.0
16 verbose cwd C:\Code\bj14\vue_example
17 error Windows_NT 10.0.10586
18 error argv "C:\\Program Files\\nodejs\\node.exe" "C:\\Users\\shiguoqing\\AppData\\Roaming\\npm\\node_modules\\npm\\bin\\npm-cli.js" "run" "develop"
19 error node v6.9.1
20 error npm  v3.10.8
21 error code ELIFECYCLE
22 error vue_example@1.0.0 develop: `webpack-dev-server  --config webpack.develop.config.js --devtool eval --progress --colors --hot --content-base src`
22 error Exit status 3221225786
23 error Failed at the vue_example@1.0.0 develop script 'webpack-dev-server  --config webpack.develop.config.js --devtool eval --progress --colors --hot --content-base src'.
23 error Make sure you have the latest version of node.js and npm installed.
23 error If you do, this is most likely a problem with the vue_example package,
23 error not with npm itself.
23 error Tell the author that this fails on your system:
23 error     webpack-dev-server  --config webpack.develop.config.js --devtool eval --progress --colors --hot --content-base src
23 error You can get information on how to open an issue for this project with:
23 error     npm bugs vue_example
23 error Or if that isn't available, you can get their info via:
23 error     npm owner ls vue_example
23 error There is likely additional logging output above.
24 verbose exit [ 1, true ]
